arm-none-eabi-gcc  -Os -Wall -Werror -mcpu=cortex-m0 -fno-builtin -fshort-enums -fno-delete-null-pointer-checks -std=c2x -MMD -flto=auto -Wextra -DPRINTF_INCLUDE_CONFIG_H -DAUTHOR_STRING=\"EGZUMER\" -DVERSION_STRING=\"7607f0a\" -DENABLE_SPECTRUM -DENABLE_FMRADIO -DENABLE_UART -DENABLE_BIG_FREQ -DENABLE_SMALL_BOLD -DENABLE_VOX -DENABLE_KEEP_MEM_NAME -DENABLE_WIDE_RX -DENABLE_TX_WHEN_AM -DENABLE_F_CAL_MENU -DENABLE_SHOW_CHARGE_LEVEL -DENABLE_NO_CODE_SCAN_TIMEOUT -DENABLE_AM_FIX -DENABLE_SQUELCH_MORE_SENSITIVE -DENABLE_FASTER_CHANNEL_SCAN -DENABLE_RSSI_BAR -DENABLE_AUDIO_BAR -DENABLE_COPY_CHAN_TO_VFO -DENABLE_BYP_RAW_DEMODULATORS -DENABLE_SCAN_RANGES -DENABLE_DTMF_CALLING -DENABLE_FLASHLIGHT -DENABLE_CUSTOM_MENU_LAYOUT  -I C:/ag/bkv1/ -I C:/ag/bkv1//external/CMSIS_5/CMSIS/Core/Include/ -I C:/ag/bkv1//external/CMSIS_5/Device/ARM/ARMCM0/Include -c version.c -o version.o
arm-none-eabi-gcc  -z noexecstack -mcpu=cortex-m0 -nostartfiles -Wl,-T,firmware.ld -Wl,--gc-sections --specs=nano.specs start.o init.o external/printf/printf.o driver/adc.o driver/aes.o driver/backlight.o driver/bk1080.o driver/bk4819.o driver/crc.o driver/eeprom.o driver/gpio.o driver/i2c.o driver/keyboard.o driver/spi.o driver/st7565.o driver/system.o driver/systick.o driver/uart.o app/action.o app/app.o app/chFrScanner.o app/common.o app/dtmf.o app/flashlight.o app/fm.o app/generic.o app/main.o app/menu.o app/spectrum.o app/scanner.o app/uart.o am_fix.o audio.o bitmaps.o board.o dcs.o font.o frequencies.o functions.o helper/battery.o helper/boot.o misc.o radio.o scheduler.o settings.o ui/battery.o ui/fmradio.o ui/helper.o ui/inputbox.o ui/main.o ui/menu.o ui/scanner.o ui/status.o ui/ui.o ui/welcome.o version.o main.o -o firmware 
build.bat : Sistem belirti
len yolu bulamıyor.
At line:1 char:1
+ & c:\ag\bkv1\build.bat 2
>&1 | Out-File -Encoding u
tf8 build_5.log
+ ~~~~~~~~~~~~~~~~~~~~~~~~
~~~
    + CategoryInfo        
      : NotSpecified: (S  
  istem belirtilen yolu   
  bulamıyor.:String) [    
], RemoteException
    + FullyQualifiedError 
   Id : NativeCommandErr  
  or
 
make[1]: [C:\Users\ADMINI~
1\AppData\Local\Temp\ccq78
Cej.ltrans0.ltrans.o] Hata
 1 (yoksay²ld²)
Sistem belirtilen yolu bul
amıyor.
make[1]: [C:\Users\ADMINI~
1\AppData\Local\Temp\ccq78
Cej.ltrans1.ltrans.o] Hata
 1 (yoksay²ld²)
C:/Program Files (x86)/Arm
 GNU Toolchain arm-none-ea
bi/14.2 rel1/bin/../lib/gc
c/arm-none-eabi/14.2.1/../
../../../arm-none-eabi/bin
/ld.exe: firmware section 
`.text' will not fit in re
gion `FLASH'
C:/Program Files (x86)/Arm
 GNU Toolchain arm-none-ea
bi/14.2 rel1/bin/../lib/gc
c/arm-none-eabi/14.2.1/../
../../../arm-none-eabi/bin
/ld.exe: region `FLASH' ov
erflowed by 208 bytes
collect2.exe: error: ld re
turned 1 exit status
make: *** [firmware] Hata 
1
